0 info it worked if it ends with ok
1 verbose cli [ '/usr/local/bin/node', '/usr/local/bin/npm', 'start' ]
2 info using npm@3.10.8
3 info using node@v6.8.1
4 verbose run-script [ 'prestart', 'start', 'poststart' ]
5 info lifecycle diamond-courses@~prestart: diamond-courses@
6 silly lifecycle diamond-courses@~prestart: no script for prestart, continuing
7 info lifecycle diamond-courses@~start: diamond-courses@
8 verbose lifecycle diamond-courses@~start: unsafe-perm in lifecycle true
9 verbose lifecycle diamond-courses@~start: PATH: /usr/local/lib/node_modules/npm/bin/node-gyp-bin:/home/joel/dev/courses/node_modules/.bin:/usr/local/sbin:/usr/local/bin:/usr/sbin:/usr/bin:/sbin:/bin:/snap/bin
10 verbose lifecycle diamond-courses@~start: CWD: /home/joel/dev/courses
11 silly lifecycle diamond-courses@~start: Args: [ '-c', 'meteor run --port 3000 --settings settings.json' ]
12 silly lifecycle diamond-courses@~start: Returned: code: 1  signal: null
13 info lifecycle diamond-courses@~start: Failed to exec start script
14 verbose stack Error: diamond-courses@ start: `meteor run --port 3000 --settings settings.json`
14 verbose stack Exit status 1
14 verbose stack     at EventEmitter.<anonymous> (/usr/local/lib/node_modules/npm/lib/utils/lifecycle.js:255:16)
14 verbose stack     at emitTwo (events.js:106:13)
14 verbose stack     at EventEmitter.emit (events.js:191:7)
14 verbose stack     at ChildProcess.<anonymous> (/usr/local/lib/node_modules/npm/lib/utils/spawn.js:40:14)
14 verbose stack     at emitTwo (events.js:106:13)
14 verbose stack     at ChildProcess.emit (events.js:191:7)
14 verbose stack     at maybeClose (internal/child_process.js:877:16)
14 verbose stack     at Process.ChildProcess._handle.onexit (internal/child_process.js:226:5)
15 verbose pkgid diamond-courses@
16 verbose cwd /home/joel/dev/courses
17 error Linux 4.4.0-57-generic
18 error argv "/usr/local/bin/node" "/usr/local/bin/npm" "start"
19 error node v6.8.1
20 error npm  v3.10.8
21 error code ELIFECYCLE
22 error diamond-courses@ start: `meteor run --port 3000 --settings settings.json`
22 error Exit status 1
23 error Failed at the diamond-courses@ start script 'meteor run --port 3000 --settings settings.json'.
23 error Make sure you have the latest version of node.js and npm installed.
23 error If you do, this is most likely a problem with the diamond-courses package,
23 error not with npm itself.
23 error Tell the author that this fails on your system:
23 error     meteor run --port 3000 --settings settings.json
23 error You can get information on how to open an issue for this project with:
23 error     npm bugs diamond-courses
23 error Or if that isn't available, you can get their info via:
23 error     npm owner ls diamond-courses
23 error There is likely additional logging output above.
24 verbose exit [ 1, true ]
